################################################################################
# $Id: file.lst 2017-06 $
#
# Project:  Universal structrue library.
# Purpose:  File list.
# Author:   Weiwei Huang, 898687324@qq.com
#
################################################################################
# Copyright (c) 2016 ~ 2017 Weiwei Huang
#
# This program is free software; you can redistribute it and/or modify it under 
# the terms of the GNU General Public License as published by the Free Software 
# Foundation, either version 3 of the License, or (at your option) any later 
# version.
#
# This program is distributed in the hope that it will be useful, but WITHOUT 
# ANY WARRANTY; without even the implied warranty of MERCHANTABILITY or FITNESS 
# FOR A PARTICULAR PURPOSE.  See the GNU General Public License for more 
# details.
#
# You should have received a copy of the GNU General Public License along with 
# this program.  If not, see <http://www.gnu.org/licenses/>.
################################################################################

SUB_NAME = ust

LAYER = ust

C_OBJ = \
      ust_ctl.o \
      ust_typectl.o \
      ust_stringctl.o \
      ust_stringtype.o \
      ust_datatype.o \
      ust_fsctl.o \
      ust_fsfilectl.o \
      ust_fsfiletype.o \
      ust_filectl.o \
      ust_filetype.o 

C_HEADER = \
         ust_base.h \
         ust_stringbase.h \
         ust_stringtype.hpp \
         ust_datatype.hpp \
         ust_fsbase.hpp \
         ust_fsfiletype.hpp \
         ust_filebase.hpp \
         ust_filetype.hpp \
         ust_containerctl.hpp \
         ust_containerctl_cpp.hpp \
         ust_containerbase.h \
         ust_containertype.hpp \
         ust_containertype_cpp.hpp \
         ust_iteratortype.hpp \
         ust_iteratortype_cpp.hpp 