################################################################################
# $Id: opt.lst 2018-01 $
#
# Project:  Prj.
# Purpose:  Make module options.
# Author:   Weiwei Huang, 898687324@qq.com
#
################################################################################
# Copyright (c) 2018-01 ~ 2018 Weiwei Huang
#
# This program is free software; you can redistribute it and/or modify it under 
# the terms of the GNU General Public License as published by the Free Software 
# Foundation, either version 3 of the License, or (at your option) any later 
# version.
#
# This program is distributed in the hope that it will be useful, but WITHOUT 
# ANY WARRANTY; without even the implied warranty of MERCHANTABILITY or FITNESS 
# FOR A PARTICULAR PURPOSE.  See the GNU General Public License for more 
# details.
#
# You should have received a copy of the GNU General Public License along with 
# this program.  If not, see <http://www.gnu.org/licenses/>.
################################################################################
HUB_MODULE_CORE = \
                  cls \
                  ccs \
                  sys \
                  gda \
                  ogr \
                  plp \
                  gsl \
                  cut \
                  pyc

HUB_MODULE_WRAP = \
                  ust \
                  rst \
                  vtr

HUB_MODULE_CTGY = \
                  fmd \
                  qmt

ifeq ($(TARGET_OS), x86_64-w64-mingw32)
HUB_MODULE_CORE = \
                  cls \
                  ccs \
                  sys \
                  gda \
                  ogr
HUB_MODULE_WRAP = \
                  ust \
                  rst \
                  vtr
HUB_MODULE_CTGY = \
                  fmd
endif

OPT_MODULE = \
             $(HUB_MODULE_CORE) \
             $(HUB_MODULE_WRAP) \
             $(HUB_MODULE_CTGY)