################################################################################
# $Id: opt_java.lst 2018-01 $
#
# Project:  Prj.
# Purpose:  Make java options.
# Author:   Weiwei Huang, 898687324@qq.com
#
################################################################################
# Copyright (c) 2018-01 ~ 2018 Weiwei Huang
#
# This program is free software; you can redistribute it and/or modify it under 
# the terms of the GNU General Public License as published by the Free Software 
# Foundation, either version 3 of the License, or (at your option) any later 
# version.
#
# This program is distributed in the hope that it will be useful, but WITHOUT 
# ANY WARRANTY; without even the implied warranty of MERCHANTABILITY or FITNESS 
# FOR A PARTICULAR PURPOSE.  See the GNU General Public License for more 
# details.
#
# You should have received a copy of the GNU General Public License along with 
# this program.  If not, see <http://www.gnu.org/licenses/>.
################################################################################

# JAVA
JAVA_JDK_DIR = /opt/icedtea-bin-3.6.0
JAVA_OS = linux
ifeq ($(TARGET_OS), x86_64-w64-mingw32)
JAVA_JDK_DIR = $(HOME_DIR)/me/windows/bin/Java/jdk1.7.0_80
JAVA_OS = win32
endif
JAVA_CODE_EXT = java
JAVA_OBJ_EXT = class
JAVA_NAME = TestCtl
JAVA_OBJ_DIR = $(PRJ_BUILD_DIR)/java
JAVA_OUT_DIR = $(PRJ_INSTALL_DIR)/bin
JAVA_JAR = $(JAVA_OUT_DIR)/whub.jar
