# -*- mode: makefile -*-
################################################################################
# $Id: opt_vgr.lst 2018-07 $
#
# Project:  Prj.
# Purpose:  Make vgr options.
# Author:   Weiwei Huang, 898687324@qq.com
#
################################################################################
# Copyright (c) 2018-07 ~ 2018 Weiwei Huang
#
# This program is free software; you can redistribute it and/or modify it under 
# the terms of the GNU General Public License as published by the Free Software 
# Foundation, either version 3 of the License, or (at your option) any later 
# version.
#
# This program is distributed in the hope that it will be useful, but WITHOUT 
# ANY WARRANTY; without even the implied warranty of MERCHANTABILITY or FITNESS 
# FOR A PARTICULAR PURPOSE.  See the GNU General Public License for more 
# details.
#
# You should have received a copy of the GNU General Public License along with 
# this program.  If not, see <http://www.gnu.org/licenses/>.
################################################################################

VGR_PATH = $(HOME_DIR)/file/resource/func/dev/util/valgrind/install/svn/VALGRIND_3_13_0/x86_64-pc-linux-gnu
VGR_LD_LIBRARY_PATH = /usr/lib/gcc/x86_64-pc-linux-gnu/7.3.0:/usr/lib:/lib64
VGR_LIBC_PATH = $(HOME_DIR)/file/resource/func/sys/libs/glibc/install/glibc-2.26/x86_64-pc-linux-gnu/lib
