################################################################################
# $Id: file.lst 2017-06 $
#
# Project:  Base.
# Purpose:  File list.
# Author:   Weiwei Huang, 898687324@qq.com
#
################################################################################
# Copyright (c) 2016 ~ 2017 Weiwei Huang
#
# This program is free software; you can redistribute it and/or modify it under 
# the terms of the GNU General Public License as published by the Free Software 
# Foundation, either version 3 of the License, or (at your option) any later 
# version.
#
# This program is distributed in the hope that it will be useful, but WITHOUT 
# ANY WARRANTY; without even the implied warranty of MERCHANTABILITY or FITNESS 
# FOR A PARTICULAR PURPOSE.  See the GNU General Public License for more 
# details.
#
# You should have received a copy of the GNU General Public License along with 
# this program.  If not, see <http://www.gnu.org/licenses/>.
################################################################################

SUB_NAME =

LAYER = .

C_OBJ = \
      base_ctl.o \
      base_tmpctl.o \
      base_mathtype.o \
      base_graphtype.o

C_HEADER = \
         base_macrodefn.hpp \
         base_containerdefn.hpp \
         base_mathtype.hpp \
         base_graphtype.hpp \
         base_timetype.hpp \
         base_geomtype.hpp 
