################################################################################
# $Id: file.lst 2017-09 $
#
# Project:  RST (RST: Raster data process).
# Purpose:  File list.
# Author:   Weiwei Huang, 898687324@qq.com
#
################################################################################
# Copyright (c) 2017-09 ~ 2017 Weiwei Huang
#
# This program is free software; you can redistribute it and/or modify it under 
# the terms of the GNU General Public License as published by the Free Software 
# Foundation, either version 3 of the License, or (at your option) any later 
# version.
#
# This program is distributed in the hope that it will be useful, but WITHOUT 
# ANY WARRANTY; without even the implied warranty of MERCHANTABILITY or FITNESS 
# FOR A PARTICULAR PURPOSE.  See the GNU General Public License for more 
# details.
#
# You should have received a copy of the GNU General Public License along with 
# this program.  If not, see <http://www.gnu.org/licenses/>.
################################################################################

SUB_NAME = rst

LAYER = rst

C_OBJ = \
        rst_ctl.o \
        rst_utilctl.o \
        rst_utilmerge.o

C_HEADER = \
           rst_base.hpp \
           rst_utilctl.hpp \
           rst_utilmerge.hpp