################################################################################
# $Id: file.lst 2017-06 $
#
# Project:  Gda (GDAL: Geospatial Data Absraction Library) library.
# Purpose:  File list.
# Author:   Weiwei Huang, 898687324@qq.com
#
################################################################################
# Copyright (c) 2016 ~ 2017 Weiwei Huang
#
# This program is free software; you can redistribute it and/or modify it under 
# the terms of the GNU General Public License as published by the Free Software 
# Foundation, either version 3 of the License, or (at your option) any later 
# version.
#
# This program is distributed in the hope that it will be useful, but WITHOUT 
# ANY WARRANTY; without even the implied warranty of MERCHANTABILITY or FITNESS 
# FOR A PARTICULAR PURPOSE.  See the GNU General Public License for more 
# details.
#
# You should have received a copy of the GNU General Public License along with 
# this program.  If not, see <http://www.gnu.org/licenses/>.
################################################################################

PRJ = gda

OBJ = \
      gda_sngctl.o \
      gda_snglockctl.o \
      gda_snglockdriver.o \
      gda_ctl.o \
      gda_typectl.o \
      gda_corectl.o \
      gda_driversctl.o \
      gda_driverctl.o \
      gda_datasetctl.o \
      gda_bandctl.o \
      gda_ogrctl.o \
      gda_algctl.o \
      gda_algbase.o \
      gda_algtransform.o \
      gda_algcontour.o \
      gda_algrasterizer.o \
      gda_alggridding.o \
      gda_utilsctl.o \
      gda_utilsinfo.o \
      gda_utilstranslate.o \
      gda_translatevector.o \
      gda_translateraster.o

HEADER = \
         gda_base.h \
         gda_ctl.hpp \
         gda_corectl.hpp \
         gda_driversctl.hpp \
         gda_driverctl.hpp \
         gda_datasetctl.hpp \
         gda_bandctl.hpp \
         gda_ogrctl.hpp \
         gda_algctl.hpp \
         gda_algbase.hpp \
         gda_algtransform.hpp \
         gda_algcontour.hpp \
         gda_algrasterizer.hpp \
         gda_alggridding.hpp \
         gda_utilsctl.hpp \
         gda_utilsinfo.hpp \
         gda_utilstranslate.hpp \
         gda_translatevector.hpp \
         gda_translateraster.hpp