################################################################################
# $Id: Makefile 2017-06 $
#
# Project:  CUT (CUT: Client-side URL Transfer).
# Purpose:  Makefile.
# Author:   Weiwei Huang, 898687324@qq.com
#
################################################################################
# Copyright (c) 2016 ~ 2017 Weiwei Huang
#
# This program is free software; you can redistribute it and/or modify it under 
# the terms of the GNU General Public License as published by the Free Software 
# Foundation, either version 3 of the License, or (at your option) any later 
# version.
#
# This program is distributed in the hope that it will be useful, but WITHOUT 
# ANY WARRANTY; without even the implied warranty of MERCHANTABILITY or FITNESS 
# FOR A PARTICULAR PURPOSE.  See the GNU General Public License for more 
# details.
#
# You should have received a copy of the GNU General Public License along with 
# this program.  If not, see <http://www.gnu.org/licenses/>.
################################################################################

PRJ = cut

OBJ = \
      cut_ctl.o \
      cut_typectl.o \
      cut_easysctl.o \
      cut_easyctl.o \
      cut_multisctl.o \
      cut_multictl.o \
      cut_slistsctl.o \
      cut_slistctl.o

HEADER = \
         cut_base.hpp \
         cut_ctl.hpp \
         cut_easysctl.hpp \
         cut_easyctl.hpp \
         cut_multisctl.hpp \
         cut_multictl.hpp \
         cut_slistsctl.hpp \
         cut_slistctl.hpp
