################################################################################
# $Id: file.lst 2017-06 $
#
# Project:  FMD (FMD: Fire Model).
# Purpose:  File list.
# Author:   Weiwei Huang, 898687324@qq.com
#
################################################################################
# Copyright (c) 2016 ~ 2017 Weiwei Huang
#
# This program is free software; you can redistribute it and/or modify it under 
# the terms of the GNU General Public License as published by the Free Software 
# Foundation, either version 3 of the License, or (at your option) any later 
# version.
#
# This program is distributed in the hope that it will be useful, but WITHOUT 
# ANY WARRANTY; without even the implied warranty of MERCHANTABILITY or FITNESS 
# FOR A PARTICULAR PURPOSE.  See the GNU General Public License for more 
# details.
#
# You should have received a copy of the GNU General Public License along with 
# this program.  If not, see <http://www.gnu.org/licenses/>.
################################################################################

PRJ = fmd

OBJ = \
      fmd_ctl.o \
      fmd_typectl.o \
      fmd_filectl.o \
      fmd_fileload.o \
      fmd_filewrite.o \
      fmd_burnctl.o \
      fmd_burntime.o 

HEADER = \
         fmd_base.hpp \
         fmd_ctl.hpp \
         fmd_typectl.hpp \
         fmd_filectl.hpp \
         fmd_fileload.hpp \
         fmd_filewrite.hpp \
         fmd_burnctl.hpp \
         fmd_burntime.hpp