################################################################################
# $Id: file.lst 2017-06 $
#
# Project:  System library.
# Purpose:  File list.
# Author:   Weiwei Huang, 898687324@qq.com
#
################################################################################
# Copyright (c) 2016 ~ 2017 Weiwei Huang
#
# This program is free software; you can redistribute it and/or modify it under 
# the terms of the GNU General Public License as published by the Free Software 
# Foundation, either version 3 of the License, or (at your option) any later 
# version.
#
# This program is distributed in the hope that it will be useful, but WITHOUT 
# ANY WARRANTY; without even the implied warranty of MERCHANTABILITY or FITNESS 
# FOR A PARTICULAR PURPOSE.  See the GNU General Public License for more 
# details.
#
# You should have received a copy of the GNU General Public License along with 
# this program.  If not, see <http://www.gnu.org/licenses/>.
################################################################################

SUB_NAME = sys

LAYER = sys

C_OBJ = \
      sys_ctl.o \
      sys_processctl.o \
      sys_threadsctl.o \
      sys_threadctl.o \
      sys_threadattrctl.o \
      sys_filectl.o \
      sys_filetreectl.o \
      sys_filetwctl.o \
      sys_netctl.o \
      sys_socketsctl.o \
      sys_socketctl.o

C_HEADER = \
         sys_base.h \
         sys_ctl.hpp \
         sys_processctl.hpp \
         sys_threadsctl.hpp \
         sys_threadctl.hpp \
         sys_threadattrctl.hpp \
         sys_filectl.hpp \
         sys_filetreectl.hpp \
         sys_filetwctl.hpp \
         sys_netctl.hpp \
         sys_socketsctl.hpp \
         sys_socketctl.hpp